<?xml version="1.0" encoding="UTF-8"?>
<!-- Generated by org.testng.reporters.JUnitReportReporter -->
<testsuite hostname="Admin" name="com.w2a.testcases.AddCustomerTest" tests="1" failures="0" timestamp="12 Nov 2018 17:52:10 GMT" time="10.459" errors="0">
  <testcase name="addCustomer" time="10.459" classname="com.w2a.testcases.AddCustomerTest"/>
</testsuite> <!-- com.w2a.testcases.AddCustomerTest -->
