<?xml version="1.0" encoding="UTF-8"?>
<!-- Generated by org.testng.reporters.JUnitReportReporter -->
<testsuite hostname="Admin" name="com.w2a.rough.testapp" tests="1" failures="0" timestamp="10 Nov 2018 18:33:32 GMT" time="37.832" errors="0">
  <testcase name="testapp" time="37.832" classname="com.w2a.rough.testapp"/>
</testsuite> <!-- com.w2a.rough.testapp -->
