<?xml version="1.0" encoding="UTF-8"?>
<!-- Generated by org.testng.reporters.JUnitReportReporter -->
<testsuite skipped="0" hostname="Admin" name="com.w2a.testcases.BankManagerLoginTest" tests="1" failures="0" timestamp="10 Nov 2018 18:36:35 GMT" time="0.260" errors="0">
  <testcase name="loginAsBankManager" time="0.260" classname="com.w2a.testcases.BankManagerLoginTest"/>
</testsuite> <!-- com.w2a.testcases.BankManagerLoginTest -->
